0 info it worked if it ends with ok
1 verbose cli [ '/usr/local/Cellar/node/7.10.0/bin/node',
1 verbose cli   '/usr/local/bin/npm',
1 verbose cli   'i',
1 verbose cli   '-S',
1 verbose cli   'Babel' ]
2 info using npm@3.10.10
3 info using node@v7.10.0
4 silly loadCurrentTree Starting
5 silly install loadCurrentTree
6 silly install readLocalPackageData
7 silly fetchPackageMetaData Babel
8 silly fetchNamedPackageData Babel
9 silly mapToRegistry name Babel
10 silly mapToRegistry using default registry
11 silly mapToRegistry registry https://registry.npmjs.org/
12 silly mapToRegistry data Result {
12 silly mapToRegistry   raw: 'Babel',
12 silly mapToRegistry   scope: null,
12 silly mapToRegistry   escapedName: 'Babel',
12 silly mapToRegistry   name: 'Babel',
12 silly mapToRegistry   rawSpec: '',
12 silly mapToRegistry   spec: 'latest',
12 silly mapToRegistry   type: 'tag' }
13 silly mapToRegistry uri https://registry.npmjs.org/Babel
14 verbose request uri https://registry.npmjs.org/Babel
15 verbose request no auth needed
16 info attempt registry request try #1 at 5:51:54 PM
17 verbose request id c11c793c191387c5
18 verbose etag W/"59fa32d7-8b4"
19 verbose lastModified Wed, 01 Nov 2017 20:47:19 GMT
20 http request GET https://registry.npmjs.org/Babel
21 http 304 https://registry.npmjs.org/Babel
22 verbose headers { date: 'Fri, 10 Nov 2017 03:51:55 GMT',
22 verbose headers   via: '1.1 varnish',
22 verbose headers   'cache-control': 'max-age=300',
22 verbose headers   etag: 'W/"59fa32d7-8b4"',
22 verbose headers   age: '42',
22 verbose headers   connection: 'keep-alive',
22 verbose headers   'x-served-by': 'cache-bur17545-BUR',
22 verbose headers   'x-cache': 'HIT',
22 verbose headers   'x-cache-hits': '1',
22 verbose headers   'x-timer': 'S1510285916.515731,VS0,VE0',
22 verbose headers   vary: 'Accept-Encoding, Accept' }
23 silly get cb [ 304,
23 silly get   { date: 'Fri, 10 Nov 2017 03:51:55 GMT',
23 silly get     via: '1.1 varnish',
23 silly get     'cache-control': 'max-age=300',
23 silly get     etag: 'W/"59fa32d7-8b4"',
23 silly get     age: '42',
23 silly get     connection: 'keep-alive',
23 silly get     'x-served-by': 'cache-bur17545-BUR',
23 silly get     'x-cache': 'HIT',
23 silly get     'x-cache-hits': '1',
23 silly get     'x-timer': 'S1510285916.515731,VS0,VE0',
23 silly get     vary: 'Accept-Encoding, Accept' } ]
24 verbose etag https://registry.npmjs.org/Babel from cache
25 verbose get saving Babel to /Users/School/.npm/registry.npmjs.org/Babel/.cache.json
26 verbose correctMkdir /Users/School/.npm correctMkdir not in flight; initializing
27 silly install normalizeTree
28 silly loadCurrentTree Finishing
29 silly loadIdealTree Starting
30 silly install loadIdealTree
31 silly cloneCurrentTree Starting
32 silly install cloneCurrentTreeToIdealTree
33 silly cloneCurrentTree Finishing
34 silly loadShrinkwrap Starting
35 silly install loadShrinkwrap
36 silly loadShrinkwrap Finishing
37 silly loadAllDepsIntoIdealTree Starting
38 silly install loadAllDepsIntoIdealTree
39 silly resolveWithNewModule Babel@0.0.1 checking installable status
40 silly cache add args [ 'Babel', null ]
41 verbose cache add spec Babel
42 silly cache add parsed spec Result {
42 silly cache add   raw: 'Babel',
42 silly cache add   scope: null,
42 silly cache add   escapedName: 'Babel',
42 silly cache add   name: 'Babel',
42 silly cache add   rawSpec: '',
42 silly cache add   spec: 'latest',
42 silly cache add   type: 'tag' }
43 silly addNamed Babel@latest
44 verbose addNamed "latest" is being treated as a dist-tag for Babel
45 info addNameTag [ 'Babel', 'latest' ]
46 silly mapToRegistry name Babel
47 silly mapToRegistry using default registry
48 silly mapToRegistry registry https://registry.npmjs.org/
49 silly mapToRegistry data Result {
49 silly mapToRegistry   raw: 'Babel',
49 silly mapToRegistry   scope: null,
49 silly mapToRegistry   escapedName: 'Babel',
49 silly mapToRegistry   name: 'Babel',
49 silly mapToRegistry   rawSpec: '',
49 silly mapToRegistry   spec: 'latest',
49 silly mapToRegistry   type: 'tag' }
50 silly mapToRegistry uri https://registry.npmjs.org/Babel
51 verbose addNameTag registry:https://registry.npmjs.org/Babel not in flight; fetching
52 verbose get https://registry.npmjs.org/Babel not expired, no request
53 silly addNameTag next cb for Babel with tag latest
54 silly addNamed Babel@0.0.1
55 verbose addNamed "0.0.1" is a plain semver version for Babel
56 silly cache afterAdd Babel@0.0.1
57 verbose afterAdd /Users/School/.npm/Babel/0.0.1/package/package.json not in flight; writing
58 verbose correctMkdir /Users/School/.npm correctMkdir not in flight; initializing
59 verbose afterAdd /Users/School/.npm/Babel/0.0.1/package/package.json written
60 silly fetchNamedPackageData step
61 silly mapToRegistry name step
62 silly mapToRegistry using default registry
63 silly mapToRegistry registry https://registry.npmjs.org/
64 silly mapToRegistry data Result {
64 silly mapToRegistry   raw: 'step',
64 silly mapToRegistry   scope: null,
64 silly mapToRegistry   escapedName: 'step',
64 silly mapToRegistry   name: 'step',
64 silly mapToRegistry   rawSpec: '',
64 silly mapToRegistry   spec: 'latest',
64 silly mapToRegistry   type: 'tag' }
65 silly mapToRegistry uri https://registry.npmjs.org/step
66 silly fetchNamedPackageData underscore
67 silly mapToRegistry name underscore
68 silly mapToRegistry using default registry
69 silly mapToRegistry registry https://registry.npmjs.org/
70 silly mapToRegistry data Result {
70 silly mapToRegistry   raw: 'underscore',
70 silly mapToRegistry   scope: null,
70 silly mapToRegistry   escapedName: 'underscore',
70 silly mapToRegistry   name: 'underscore',
70 silly mapToRegistry   rawSpec: '',
70 silly mapToRegistry   spec: 'latest',
70 silly mapToRegistry   type: 'tag' }
71 silly mapToRegistry uri https://registry.npmjs.org/underscore
72 verbose request uri https://registry.npmjs.org/step
73 verbose request no auth needed
74 info attempt registry request try #1 at 5:51:55 PM
75 verbose etag W/"59a1bf92-21aa"
76 verbose lastModified Sat, 26 Aug 2017 18:36:02 GMT
77 http request GET https://registry.npmjs.org/step
78 verbose request uri https://registry.npmjs.org/underscore
79 verbose request no auth needed
80 info attempt registry request try #1 at 5:51:55 PM
81 verbose etag W/"59f9753c-b079"
82 verbose lastModified Wed, 01 Nov 2017 07:18:20 GMT
83 http request GET https://registry.npmjs.org/underscore
84 http 304 https://registry.npmjs.org/step
85 verbose headers { date: 'Fri, 10 Nov 2017 03:51:55 GMT',
85 verbose headers   via: '1.1 varnish',
85 verbose headers   'cache-control': 'max-age=300',
85 verbose headers   etag: 'W/"59a1bf92-21aa"',
85 verbose headers   age: '41',
85 verbose headers   connection: 'keep-alive',
85 verbose headers   'x-served-by': 'cache-bur17545-BUR',
85 verbose headers   'x-cache': 'HIT',
85 verbose headers   'x-cache-hits': '1',
85 verbose headers   'x-timer': 'S1510285916.678876,VS0,VE0',
85 verbose headers   vary: 'Accept-Encoding, Accept' }
86 silly get cb [ 304,
86 silly get   { date: 'Fri, 10 Nov 2017 03:51:55 GMT',
86 silly get     via: '1.1 varnish',
86 silly get     'cache-control': 'max-age=300',
86 silly get     etag: 'W/"59a1bf92-21aa"',
86 silly get     age: '41',
86 silly get     connection: 'keep-alive',
86 silly get     'x-served-by': 'cache-bur17545-BUR',
86 silly get     'x-cache': 'HIT',
86 silly get     'x-cache-hits': '1',
86 silly get     'x-timer': 'S1510285916.678876,VS0,VE0',
86 silly get     vary: 'Accept-Encoding, Accept' } ]
87 verbose etag https://registry.npmjs.org/step from cache
88 verbose get saving step to /Users/School/.npm/registry.npmjs.org/step/.cache.json
89 verbose correctMkdir /Users/School/.npm correctMkdir not in flight; initializing
90 silly resolveWithNewModule step@0.0.6 checking installable status
91 silly cache add args [ 'step@0.0.x', null ]
92 verbose cache add spec step@0.0.x
93 silly cache add parsed spec Result {
93 silly cache add   raw: 'step@0.0.x',
93 silly cache add   scope: null,
93 silly cache add   escapedName: 'step',
93 silly cache add   name: 'step',
93 silly cache add   rawSpec: '0.0.x',
93 silly cache add   spec: '>=0.0.0 <0.1.0',
93 silly cache add   type: 'range' }
94 silly addNamed step@>=0.0.0 <0.1.0
95 verbose addNamed ">=0.0.0 <0.1.0" is a valid semver range for step
96 silly addNameRange { name: 'step', range: '>=0.0.0 <0.1.0', hasData: false }
97 silly mapToRegistry name step
98 silly mapToRegistry using default registry
99 silly mapToRegistry registry https://registry.npmjs.org/
100 silly mapToRegistry data Result {
100 silly mapToRegistry   raw: 'step',
100 silly mapToRegistry   scope: null,
100 silly mapToRegistry   escapedName: 'step',
100 silly mapToRegistry   name: 'step',
100 silly mapToRegistry   rawSpec: '',
100 silly mapToRegistry   spec: 'latest',
100 silly mapToRegistry   type: 'tag' }
101 silly mapToRegistry uri https://registry.npmjs.org/step
102 verbose addNameRange registry:https://registry.npmjs.org/step not in flight; fetching
103 verbose get https://registry.npmjs.org/step not expired, no request
104 silly addNameRange number 2 { name: 'step', range: '>=0.0.0 <0.1.0', hasData: true }
105 silly addNameRange versions [ 'step', [ '0.0.3', '0.0.4', '0.0.5', '0.0.6', '1.0.0' ] ]
106 silly addNamed step@0.0.6
107 verbose addNamed "0.0.6" is a plain semver version for step
108 silly cache afterAdd step@0.0.6
109 verbose afterAdd /Users/School/.npm/step/0.0.6/package/package.json not in flight; writing
110 verbose correctMkdir /Users/School/.npm correctMkdir not in flight; initializing
111 verbose afterAdd /Users/School/.npm/step/0.0.6/package/package.json written
112 http 304 https://registry.npmjs.org/underscore
113 verbose headers { date: 'Fri, 10 Nov 2017 03:51:55 GMT',
113 verbose headers   via: '1.1 varnish',
113 verbose headers   'cache-control': 'max-age=300',
113 verbose headers   etag: 'W/"59f9753c-b079"',
113 verbose headers   age: '9',
113 verbose headers   connection: 'keep-alive',
113 verbose headers   'x-served-by': 'cache-bur17544-BUR',
113 verbose headers   'x-cache': 'HIT',
113 verbose headers   'x-cache-hits': '1',
113 verbose headers   'x-timer': 'S1510285916.872878,VS0,VE0',
113 verbose headers   vary: 'Accept-Encoding, Accept' }
114 silly get cb [ 304,
114 silly get   { date: 'Fri, 10 Nov 2017 03:51:55 GMT',
114 silly get     via: '1.1 varnish',
114 silly get     'cache-control': 'max-age=300',
114 silly get     etag: 'W/"59f9753c-b079"',
114 silly get     age: '9',
114 silly get     connection: 'keep-alive',
114 silly get     'x-served-by': 'cache-bur17544-BUR',
114 silly get     'x-cache': 'HIT',
114 silly get     'x-cache-hits': '1',
114 silly get     'x-timer': 'S1510285916.872878,VS0,VE0',
114 silly get     vary: 'Accept-Encoding, Accept' } ]
115 verbose etag https://registry.npmjs.org/underscore from cache
116 verbose get saving underscore to /Users/School/.npm/registry.npmjs.org/underscore/.cache.json
117 verbose correctMkdir /Users/School/.npm correctMkdir not in flight; initializing
118 silly resolveWithNewModule underscore@1.8.3 checking installable status
119 silly cache add args [ 'underscore@1.x.x', null ]
120 verbose cache add spec underscore@1.x.x
121 silly cache add parsed spec Result {
121 silly cache add   raw: 'underscore@1.x.x',
121 silly cache add   scope: null,
121 silly cache add   escapedName: 'underscore',
121 silly cache add   name: 'underscore',
121 silly cache add   rawSpec: '1.x.x',
121 silly cache add   spec: '>=1.0.0 <2.0.0',
121 silly cache add   type: 'range' }
122 silly addNamed underscore@>=1.0.0 <2.0.0
123 verbose addNamed ">=1.0.0 <2.0.0" is a valid semver range for underscore
124 silly addNameRange { name: 'underscore', range: '>=1.0.0 <2.0.0', hasData: false }
125 silly mapToRegistry name underscore
126 silly mapToRegistry using default registry
127 silly mapToRegistry registry https://registry.npmjs.org/
128 silly mapToRegistry data Result {
128 silly mapToRegistry   raw: 'underscore',
128 silly mapToRegistry   scope: null,
128 silly mapToRegistry   escapedName: 'underscore',
128 silly mapToRegistry   name: 'underscore',
128 silly mapToRegistry   rawSpec: '',
128 silly mapToRegistry   spec: 'latest',
128 silly mapToRegistry   type: 'tag' }
129 silly mapToRegistry uri https://registry.npmjs.org/underscore
130 verbose addNameRange registry:https://registry.npmjs.org/underscore not in flight; fetching
131 verbose get https://registry.npmjs.org/underscore not expired, no request
132 silly addNameRange number 2 { name: 'underscore', range: '>=1.0.0 <2.0.0', hasData: true }
133 silly addNameRange versions [ 'underscore',
133 silly addNameRange   [ '1.0.3',
133 silly addNameRange     '1.0.4',
133 silly addNameRange     '1.1.0',
133 silly addNameRange     '1.1.1',
133 silly addNameRange     '1.1.2',
133 silly addNameRange     '1.1.3',
133 silly addNameRange     '1.1.4',
133 silly addNameRange     '1.1.5',
133 silly addNameRange     '1.1.6',
133 silly addNameRange     '1.1.7',
133 silly addNameRange     '1.2.0',
133 silly addNameRange     '1.2.1',
133 silly addNameRange     '1.2.2',
133 silly addNameRange     '1.2.3',
133 silly addNameRange     '1.2.4',
133 silly addNameRange     '1.3.0',
133 silly addNameRange     '1.3.1',
133 silly addNameRange     '1.3.2',
133 silly addNameRange     '1.3.3',
133 silly addNameRange     '1.4.0',
133 silly addNameRange     '1.4.1',
133 silly addNameRange     '1.4.2',
133 silly addNameRange     '1.4.3',
133 silly addNameRange     '1.4.4',
133 silly addNameRange     '1.5.0',
133 silly addNameRange     '1.5.1',
133 silly addNameRange     '1.5.2',
133 silly addNameRange     '1.6.0',
133 silly addNameRange     '1.7.0',
133 silly addNameRange     '1.8.0',
133 silly addNameRange     '1.8.1',
133 silly addNameRange     '1.8.2',
133 silly addNameRange     '1.8.3' ] ]
134 silly addNamed underscore@1.8.3
135 verbose addNamed "1.8.3" is a plain semver version for underscore
136 silly cache afterAdd underscore@1.8.3
137 verbose afterAdd /Users/School/.npm/underscore/1.8.3/package/package.json not in flight; writing
138 verbose correctMkdir /Users/School/.npm correctMkdir not in flight; initializing
139 verbose afterAdd /Users/School/.npm/underscore/1.8.3/package/package.json written
140 silly loadAllDepsIntoIdealTree Finishing
141 silly loadIdealTree Finishing
142 silly currentTree soursop@1.0.0
142 silly currentTree ├── emitter-component@1.1.1
142 silly currentTree ├── hammerjs@2.0.8
142 silly currentTree ├── keycharm@0.2.0
142 silly currentTree ├── moment@2.19.1
142 silly currentTree ├── propagating-hammerjs@1.4.6
142 silly currentTree ├── toposort@1.0.6
142 silly currentTree └── vis@4.21.0
143 silly idealTree soursop@1.0.0
143 silly idealTree ├── Babel@0.0.1
143 silly idealTree ├── emitter-component@1.1.1
143 silly idealTree ├── hammerjs@2.0.8
143 silly idealTree ├── keycharm@0.2.0
143 silly idealTree ├── moment@2.19.1
143 silly idealTree ├── propagating-hammerjs@1.4.6
143 silly idealTree ├── step@0.0.6
143 silly idealTree ├── toposort@1.0.6
143 silly idealTree ├── underscore@1.8.3
143 silly idealTree └── vis@4.21.0
144 silly generateActionsToTake Starting
145 silly install generateActionsToTake
146 silly generateActionsToTake Finishing
147 silly diffTrees action count 3
148 silly diffTrees add step@0.0.6
149 silly diffTrees add underscore@1.8.3
150 silly diffTrees add Babel@0.0.1
151 silly decomposeActions action count 24
152 silly decomposeActions fetch step@0.0.6
153 silly decomposeActions extract step@0.0.6
154 silly decomposeActions test step@0.0.6
155 silly decomposeActions preinstall step@0.0.6
156 silly decomposeActions build step@0.0.6
157 silly decomposeActions install step@0.0.6
158 silly decomposeActions postinstall step@0.0.6
159 silly decomposeActions finalize step@0.0.6
160 silly decomposeActions fetch underscore@1.8.3
161 silly decomposeActions extract underscore@1.8.3
162 silly decomposeActions test underscore@1.8.3
163 silly decomposeActions preinstall underscore@1.8.3
164 silly decomposeActions build underscore@1.8.3
165 silly decomposeActions install underscore@1.8.3
166 silly decomposeActions postinstall underscore@1.8.3
167 silly decomposeActions finalize underscore@1.8.3
168 silly decomposeActions fetch Babel@0.0.1
169 silly decomposeActions extract Babel@0.0.1
170 silly decomposeActions test Babel@0.0.1
171 silly decomposeActions preinstall Babel@0.0.1
172 silly decomposeActions build Babel@0.0.1
173 silly decomposeActions install Babel@0.0.1
174 silly decomposeActions postinstall Babel@0.0.1
175 silly decomposeActions finalize Babel@0.0.1
176 silly runTopLevelLifecycles Starting
177 silly executeActions Starting
178 silly install executeActions
179 silly doSerial global-install 0
180 silly doParallel fetch 3
181 verbose correctMkdir /Users/School/.npm/_locks correctMkdir not in flight; initializing
182 verbose lock using /Users/School/.npm/_locks/staging-f4dec7f9af32bf2c.lock for /Users/School/Documents/GitHub/soursop/soursop/node_modules/.staging
183 silly doParallel extract 3
184 silly extract step@0.0.6
185 silly extract underscore@1.8.3
186 silly extract Babel@0.0.1
187 verbose unbuild node_modules/.staging/step-5e3ac585
188 verbose unbuild node_modules/.staging/underscore-17f0e608
189 verbose unbuild node_modules/.staging/Babel-b082d7b3
190 silly gentlyRm /Users/School/Documents/GitHub/soursop/soursop/node_modules/.staging/step-5e3ac585 is being purged from base /Users/School/Documents/GitHub/soursop/soursop
191 verbose gentlyRm don't care about contents; nuking /Users/School/Documents/GitHub/soursop/soursop/node_modules/.staging/step-5e3ac585
192 silly gentlyRm /Users/School/Documents/GitHub/soursop/soursop/node_modules/.staging/underscore-17f0e608 is being purged from base /Users/School/Documents/GitHub/soursop/soursop
193 verbose gentlyRm don't care about contents; nuking /Users/School/Documents/GitHub/soursop/soursop/node_modules/.staging/underscore-17f0e608
194 silly gentlyRm /Users/School/Documents/GitHub/soursop/soursop/node_modules/.staging/Babel-b082d7b3 is being purged from base /Users/School/Documents/GitHub/soursop/soursop
195 verbose gentlyRm don't care about contents; nuking /Users/School/Documents/GitHub/soursop/soursop/node_modules/.staging/Babel-b082d7b3
196 verbose tar unpack /Users/School/.npm/step/0.0.6/package.tgz
197 verbose tar unpacking to /Users/School/Documents/GitHub/soursop/soursop/node_modules/.staging/step-5e3ac585
198 silly gentlyRm /Users/School/Documents/GitHub/soursop/soursop/node_modules/.staging/step-5e3ac585 is being purged
199 verbose gentlyRm don't care about contents; nuking /Users/School/Documents/GitHub/soursop/soursop/node_modules/.staging/step-5e3ac585
200 verbose tar unpack /Users/School/.npm/underscore/1.8.3/package.tgz
201 verbose tar unpacking to /Users/School/Documents/GitHub/soursop/soursop/node_modules/.staging/underscore-17f0e608
202 silly gentlyRm /Users/School/Documents/GitHub/soursop/soursop/node_modules/.staging/underscore-17f0e608 is being purged
203 verbose gentlyRm don't care about contents; nuking /Users/School/Documents/GitHub/soursop/soursop/node_modules/.staging/underscore-17f0e608
204 verbose tar unpack /Users/School/.npm/Babel/0.0.1/package.tgz
205 verbose tar unpacking to /Users/School/Documents/GitHub/soursop/soursop/node_modules/.staging/Babel-b082d7b3
206 silly gentlyRm /Users/School/Documents/GitHub/soursop/soursop/node_modules/.staging/Babel-b082d7b3 is being purged
207 verbose gentlyRm don't care about contents; nuking /Users/School/Documents/GitHub/soursop/soursop/node_modules/.staging/Babel-b082d7b3
208 silly gunzTarPerm modes [ '755', '644' ]
209 silly gunzTarPerm modes [ '755', '644' ]
210 silly gunzTarPerm modes [ '755', '644' ]
211 silly gunzTarPerm extractEntry package.json
212 silly gunzTarPerm modified mode [ 'package.json', 436, 420 ]
213 silly gunzTarPerm extractEntry package.json
214 silly gunzTarPerm extractEntry
215 silly gunzTarPerm extractEntry README.markdown
216 silly gunzTarPerm modified mode [ 'README.markdown', 436, 420 ]
217 silly gunzTarPerm extractEntry lib/step.js
218 silly gunzTarPerm modified mode [ 'lib/step.js', 509, 493 ]
219 silly gunzTarPerm extractEntry README.md
220 silly gunzTarPerm extractEntry LICENSE
221 silly gunzTarPerm extractEntry ._.DS_Store
222 silly gunzTarPerm extractEntry .DS_Store
223 silly gunzTarPerm extractEntry ._.gitignore
224 silly gunzTarPerm extractEntry .gitignore
225 silly gunzTarPerm extractEntry ._Cakefile
226 silly gunzTarPerm extractEntry license.txt
227 silly gunzTarPerm modified mode [ 'license.txt', 436, 420 ]
228 silly gunzTarPerm extractEntry test/callbackTest.js
229 silly gunzTarPerm modified mode [ 'test/callbackTest.js', 436, 420 ]
230 silly gunzTarPerm extractEntry underscore.js
231 silly gunzTarPerm extractEntry underscore-min.js
232 silly gunzTarPerm extractEntry underscore-min.map
233 silly gunzTarPerm extractEntry Cakefile
234 silly gunzTarPerm extractEntry docs/
235 silly gunzTarPerm extractEntry test/errorTest.js
236 silly gunzTarPerm modified mode [ 'test/errorTest.js', 436, 420 ]
237 silly gunzTarPerm extractEntry test/fnTest.js
238 silly gunzTarPerm modified mode [ 'test/fnTest.js', 436, 420 ]
239 silly gunzTarPerm extractEntry lib/
240 silly gunzTarPerm extractEntry ._LICENSE
241 silly gunzTarPerm extractEntry test/groupTest.js
242 silly gunzTarPerm modified mode [ 'test/groupTest.js', 436, 420 ]
243 silly gunzTarPerm extractEntry LICENSE
244 silly gunzTarPerm extractEntry ._package.json
245 silly gunzTarPerm extractEntry package.json
246 silly gunzTarPerm extractEntry ._README.markdown
247 silly gunzTarPerm extractEntry README.markdown
248 silly gunzTarPerm extractEntry src/
249 silly gunzTarPerm extractEntry test/
250 silly gunzTarPerm extractEntry translators/
251 silly gunzTarPerm extractEntry translators/._.DS_Store
252 silly gunzTarPerm extractEntry translators/.DS_Store
253 silly gunzTarPerm extractEntry translators/data/
254 silly gunzTarPerm extractEntry translators/script/
255 silly gunzTarPerm extractEntry translators/stylesheet/
256 silly gunzTarPerm extractEntry translators/template/
257 silly gunzTarPerm extractEntry translators/template/._.DS_Store
258 silly gunzTarPerm extractEntry translators/template/.DS_Store
259 silly gunzTarPerm extractEntry translators/template/._eco.coffee
260 silly gunzTarPerm extractEntry translators/template/eco.coffee
261 silly gunzTarPerm extractEntry translators/template/._ejs.coffee
262 silly gunzTarPerm extractEntry translators/template/ejs.coffee
263 silly gunzTarPerm extractEntry translators/template/._htm.coffee
264 silly gunzTarPerm extractEntry translators/template/htm.coffee
265 silly gunzTarPerm extractEntry translators/template/._html.coffee
266 silly gunzTarPerm extractEntry translators/template/html.coffee
267 silly gunzTarPerm extractEntry translators/template/._jade.coffee
268 silly gunzTarPerm extractEntry translators/template/jade.coffee
269 silly gunzTarPerm extractEntry translators/stylesheet/._css.coffee
270 silly gunzTarPerm extractEntry translators/stylesheet/css.coffee
271 silly gunzTarPerm extractEntry translators/stylesheet/._less.coffee
272 silly gunzTarPerm extractEntry translators/stylesheet/less.coffee
273 silly gunzTarPerm extractEntry translators/stylesheet/._sass.coffee
274 silly gunzTarPerm extractEntry translators/stylesheet/sass.coffee
275 silly gunzTarPerm extractEntry translators/stylesheet/._styl.coffee
276 silly gunzTarPerm extractEntry translators/stylesheet/styl.coffee
277 silly gunzTarPerm extractEntry translators/script/._coffee.coffee
278 silly gunzTarPerm extractEntry translators/script/coffee.coffee
279 silly gunzTarPerm extractEntry translators/script/._js.coffee
280 silly gunzTarPerm extractEntry translators/script/js.coffee
281 silly gunzTarPerm extractEntry translators/data/coffee.coffee
282 silly gunzTarPerm extractEntry translators/data/._json.coffee
283 silly gunzTarPerm extractEntry translators/data/json.coffee
284 silly gunzTarPerm extractEntry test/._data.coffee
285 silly gunzTarPerm extractEntry test/data.coffee
286 silly gunzTarPerm extractEntry test/._dir.coffee
287 silly gunzTarPerm extractEntry test/dir.coffee
288 silly gunzTarPerm extractEntry test/fixtures/
289 silly gunzTarPerm extractEntry test/._plain.coffee
290 silly gunzTarPerm extractEntry test/plain.coffee
291 silly gunzTarPerm extractEntry test/._script.coffee
292 silly gunzTarPerm extractEntry test/script.coffee
293 silly gunzTarPerm extractEntry test/._stylesheet.coffee
294 silly gunzTarPerm extractEntry test/stylesheet.coffee
295 silly gunzTarPerm extractEntry test/._template.coffee
296 silly gunzTarPerm extractEntry test/template.coffee
297 silly gunzTarPerm extractEntry test/fixtures/data/
298 silly gunzTarPerm extractEntry test/fixtures/dir/
299 silly gunzTarPerm extractEntry test/fixtures/plain/
300 silly gunzTarPerm extractEntry test/fixtures/script/
301 silly gunzTarPerm extractEntry test/fixtures/template/
302 silly gunzTarPerm extractEntry test/fixtures/template/._test.eco
303 silly gunzTarPerm extractEntry test/fixtures/template/test.eco
304 silly gunzTarPerm extractEntry test/fixtures/template/._test.jade
305 silly gunzTarPerm extractEntry test/fixtures/template/test.jade
306 silly gunzTarPerm extractEntry test/fixtures/script/._test.coffee
307 silly gunzTarPerm extractEntry test/fixtures/script/test.coffee
308 silly gunzTarPerm extractEntry test/fixtures/script/._test.js
309 silly gunzTarPerm extractEntry test/fixtures/script/test.js
310 silly gunzTarPerm extractEntry test/fixtures/plain/._empty.txt
311 silly gunzTarPerm extractEntry test/fixtures/plain/empty.txt
312 silly gunzTarPerm extractEntry test/fixtures/plain/._test.txt
313 silly gunzTarPerm extractEntry test/fixtures/plain/test.txt
314 silly gunzTarPerm extractEntry test/fixtures/plain/._wildcard.abcd
315 silly gunzTarPerm extractEntry test/fixtures/plain/wildcard.abcd
316 silly gunzTarPerm extractEntry test/fixtures/dir/dir/
317 silly gunzTarPerm extractEntry test/fixtures/dir/empty/
318 silly gunzTarPerm extractEntry test/fixtures/dir/dir/._one.coffee
319 silly gunzTarPerm extractEntry test/fixtures/dir/dir/one.coffee
320 silly gunzTarPerm extractEntry test/fixtures/dir/dir/._three.coffee
321 silly gunzTarPerm extractEntry test/fixtures/dir/dir/three.coffee
322 silly gunzTarPerm extractEntry test/fixtures/dir/dir/._two.coffee
323 silly gunzTarPerm extractEntry test/fixtures/dir/dir/two.coffee
324 silly gunzTarPerm extractEntry test/fixtures/data/._test.coffee
325 silly gunzTarPerm extractEntry test/fixtures/data/test.coffee
326 silly gunzTarPerm extractEntry test/fixtures/data/._test.json
327 silly gunzTarPerm extractEntry test/fixtures/data/test.json
328 silly gunzTarPerm extractEntry src/._babel.coffee
329 silly gunzTarPerm extractEntry src/babel.coffee
330 silly gunzTarPerm extractEntry lib/._babel.js
331 silly gunzTarPerm extractEntry lib/babel.js
332 silly gunzTarPerm extractEntry docs/._babel.html
333 silly gunzTarPerm extractEntry docs/babel.html
334 silly gunzTarPerm extractEntry docs/._docco.css
335 silly gunzTarPerm extractEntry docs/docco.css
336 silly gunzTarPerm extractEntry test/helper.js
337 silly gunzTarPerm modified mode [ 'test/helper.js', 436, 420 ]
338 silly gunzTarPerm extractEntry test/parallelTest.js
339 silly gunzTarPerm modified mode [ 'test/parallelTest.js', 436, 420 ]
340 silly gentlyRm /Users/School/Documents/GitHub/soursop/soursop/node_modules/.staging/underscore-17f0e608/node_modules is being purged
341 verbose gentlyRm don't care about contents; nuking /Users/School/Documents/GitHub/soursop/soursop/node_modules/.staging/underscore-17f0e608/node_modules
342 silly gentlyRm /Users/School/Documents/GitHub/soursop/soursop/node_modules/.staging/step-5e3ac585/node_modules is being purged
343 verbose gentlyRm don't care about contents; nuking /Users/School/Documents/GitHub/soursop/soursop/node_modules/.staging/step-5e3ac585/node_modules
344 verbose unlock done using /Users/School/.npm/_locks/staging-f4dec7f9af32bf2c.lock for /Users/School/Documents/GitHub/soursop/soursop/node_modules/.staging
345 silly rollbackFailedOptional Starting
346 silly rollbackFailedOptional Finishing
347 silly runTopLevelLifecycles Finishing
348 silly install printInstalled
349 warn soursop@1.0.0 No repository field.
350 verbose If you need help, you may report this error at:
350 verbose     <https://github.com/npm/npm/issues>
351 verbose stack Error: Failed to parse json
351 verbose stack Trailing comma in object at 17:1
351 verbose stack }
351 verbose stack ^
351 verbose stack     at parseError (/usr/local/lib/node_modules/npm/node_modules/read-package-json/read-json.js:390:11)
351 verbose stack     at parseJson (/usr/local/lib/node_modules/npm/node_modules/read-package-json/read-json.js:79:23)
351 verbose stack     at /usr/local/lib/node_modules/npm/node_modules/read-package-json/read-json.js:48:5
351 verbose stack     at /usr/local/lib/node_modules/npm/node_modules/graceful-fs/graceful-fs.js:78:16
351 verbose stack     at tryToString (fs.js:449:3)
351 verbose stack     at FSReqWrap.readFileAfterClose [as oncomplete] (fs.js:436:12)
352 verbose cwd /Users/School/Documents/GitHub/soursop/soursop/src
353 error Darwin 16.7.0
354 error argv "/usr/local/Cellar/node/7.10.0/bin/node" "/usr/local/bin/npm" "i" "-S" "Babel"
355 error node v7.10.0
356 error npm  v3.10.10
357 error file /Users/School/Documents/GitHub/soursop/soursop/node_modules/.staging/Babel-b082d7b3/package.json
358 error code EJSONPARSE
359 error Failed to parse json
359 error Trailing comma in object at 17:1
359 error }
359 error ^
360 error File: /Users/School/Documents/GitHub/soursop/soursop/node_modules/.staging/Babel-b082d7b3/package.json
361 error Failed to parse package.json data.
361 error package.json must be actual JSON, not just JavaScript.
361 error
361 error This is not a bug in npm.
361 error Tell the package author to fix their package.json file. JSON.parse
362 verbose exit [ 1, true ]
